This is pdfTeX, Version 3.14159265-2.6-1.40.21 (MiKTeX 2.9.7300 64-bit) (preloaded format=pdflatex 2020.3.3)  24 JUN 2020 00:30
entering extended mode
**./report-master.tex
(report-master.tex
LaTeX2e <2020-02-02> patch level 2
L3 programming layer <2020-02-14> (thesul.cls
Document Class: thesul 2013/10/06 LaTeX2e document class
                  =======(v0.14 D. Roegel, LORIA)=======
("C:\Users\hiba\AppData\Local\Programs\MiKTeX 2.9\tex/latex/base\book.cls"
Document Class: book 2019/12/20 v1.4l Standard LaTeX document class
("C:\Users\hiba\AppData\Local\Programs\MiKTeX 2.9\tex/latex/base\bk10.clo"
File: bk10.clo 2019/12/20 v1.4l Standard LaTeX file (size option)
)
\c@part=\count167
\c@chapter=\count168
\c@section=\count169
\c@subsection=\count170
\c@subsubsection=\count171
\c@paragraph=\count172
\c@subparagraph=\count173
\c@figure=\count174
\c@table=\count175
\abovecaptionskip=\skip47
\belowcaptionskip=\skip48
\bibindent=\dimen134
)
("C:\Users\hiba\AppData\Local\Programs\MiKTeX 2.9\tex/latex/base\fontenc.sty"
Package: fontenc 2020/02/11 v2.0o Standard LaTeX package
)
("C:\Users\hiba\AppData\Local\Programs\MiKTeX 2.9\tex/generic/babel\babel.sty"
Package: babel 2020/02/14 3.40 The Babel package

("C:\Users\hiba\AppData\Local\Programs\MiKTeX 2.9\tex/generic/babel\switch.def"
File: switch.def 2020/02/14 3.40 Babel switching mechanism
)
*************************************
* Local config file bblopts.cfg used
*
("C:\Users\hiba\AppData\Local\Programs\MiKTeX 2.9\tex/latex/arabi\bblopts.cfg"
File: bblopts.cfg 2005/09/08 v0.1 add Arabic and Farsi to "declared" options of
 babel
)
("C:\Users\hiba\AppData\Local\Programs\MiKTeX 2.9\tex/generic/babel-french\fren
ch.ldf"
Language: french 2020/01/30 v3.5g French support from the babel system

("C:\Users\hiba\AppData\Local\Programs\MiKTeX 2.9\tex/generic/babel\babel.def"
File: babel.def 2020/02/14 3.40 Babel common definitions
\babel@savecnt=\count176
\U@D=\dimen135

("C:\Users\hiba\AppData\Local\Programs\MiKTeX 2.9\tex/generic/babel\txtbabel.de
f")
\bbl@readstream=\read2
\bbl@dirlevel=\count177
)
Package babel Info: \l@acadian = using hyphenrules for french
(babel)             (\language22) on input line 91.
Package babel Info: \l@canadien = using hyphenrules for french
(babel)             (\language22) on input line 92.
\FB@nonchar=\count178
Package babel Info: Making : an active character on input line 419.
Package babel Info: Making ; an active character on input line 420.
Package babel Info: Making ! an active character on input line 421.
Package babel Info: Making ? an active character on input line 422.
\FBguill@level=\count179
\FBold@everypar=\toks14
\FB@Mht=\dimen136
\mc@charclass=\count180
\mc@charfam=\count181
\mc@charslot=\count182
\std@mcc=\count183
\dec@mcc=\count184
\c@FBcaption@count=\count185
\listindentFB=\dimen137
\descindentFB=\dimen138
\labelindentFB=\dimen139
\labelwidthFB=\dimen140
\leftmarginFB=\dimen141
\parindentFFN=\dimen142
\FBfnindent=\dimen143
))
("C:\Users\hiba\AppData\Local\Programs\MiKTeX 2.9\tex/latex/carlisle\scalefnt.s
ty")
("C:\Users\hiba\AppData\Local\Programs\MiKTeX 2.9\tex/latex/graphics\keyval.sty
"
Package: keyval 2014/10/28 v1.15 key=value parser (DPC)
\KV@toks@=\toks15
) ("C:\Users\hiba\AppData\Local\Programs\MiKTeX 2.9\tex/latex/base\inputenc.sty
"
Package: inputenc 2018/08/11 v1.3c Input encoding file
\inpenc@prehook=\toks16
\inpenc@posthook=\toks17
)
\@lab@tok=\toks18
\@lab@tokii=\toks19
\@jury@tokI=\toks20
\@jury@tokII=\toks21
\@thesis@jury=\toks22
\President=\toks23
\Rapporteurs=\toks24
\Examinateurs=\toks25
\Invites=\toks26
\Encadrants=\toks27
\@bindingshift=\skip49
\@htitlepageshift=\skip50
\c@division=\count186
\HeadRuleWidth=\skip51
\HeadRuleSep=\skip52
\OddFoot=\toks28
\EvenFoot=\toks29
\OddHead=\toks30
\EvenHead=\toks31
\@gen@toc@aux=\write3
\tul@hour=\count187
\tul@minute=\count188
\c@annex=\count189
)
("C:\Users\hiba\AppData\Local\Programs\MiKTeX 2.9\tex/latex/capt-of\capt-of.sty
"
Package: capt-of 2009/12/29 v0.2 standard captions outside of floats
)
("C:\Users\hiba\AppData\Local\Programs\MiKTeX 2.9\tex/latex/placeins\placeins.s
ty"
Package: placeins 2005/04/18  v 2.2
)
("C:\Users\hiba\AppData\Local\Programs\MiKTeX 2.9\tex/latex/appendix\appendix.s
ty"
Package: appendix 2020/02/08 v1.2c extra appendix facilities
\c@@pps=\count190
\c@@ppsavesec=\count191
\c@@ppsaveapp=\count192
)
("C:\Users\hiba\AppData\Local\Programs\MiKTeX 2.9\tex/latex/multirow\multirow.s
ty"
Package: multirow 2019/05/31 v2.5 Span multiple rows of a table
\multirow@colwidth=\skip53
\multirow@cntb=\count193
\multirow@dima=\skip54
\bigstrutjot=\dimen144
)
("C:\Users\hiba\AppData\Local\Programs\MiKTeX 2.9\tex/latex/tools\xspace.sty"
Package: xspace 2014/10/28 v1.13 Space after command names (DPC,MH)
)
("C:\Users\hiba\AppData\Local\Programs\MiKTeX 2.9\tex/latex/base\latexsym.sty"
Package: latexsym 1998/08/17 v2.2e Standard LaTeX package (lasy symbols)
\symlasy=\mathgroup4
LaTeX Font Info:    Overwriting symbol font `lasy' in version `bold'
(Font)                  U/lasy/m/n --> U/lasy/b/n on input line 52.
)
("C:\Users\hiba\AppData\Local\Programs\MiKTeX 2.9\tex/latex/amsfonts\amssymb.st
y"
Package: amssymb 2013/01/14 v3.01 AMS font symbols

("C:\Users\hiba\AppData\Local\Programs\MiKTeX 2.9\tex/latex/amsfonts\amsfonts.s
ty"
Package: amsfonts 2013/01/14 v3.01 Basic AMSFonts support
\@emptytoks=\toks32
\symAMSa=\mathgroup5
\symAMSb=\mathgroup6
LaTeX Font Info:    Redeclaring math symbol \hbar on input line 98.
LaTeX Font Info:    Overwriting math alphabet `\mathfrak' in version `bold'
(Font)                  U/euf/m/n --> U/euf/b/n on input line 106.
))
("C:\Users\hiba\AppData\Local\Programs\MiKTeX 2.9\tex/latex/listings\listings.s
ty"
\lst@mode=\count194
\lst@gtempboxa=\box45
\lst@token=\toks33
\lst@length=\count195
\lst@currlwidth=\dimen145
\lst@column=\count196
\lst@pos=\count197
\lst@lostspace=\dimen146
\lst@width=\dimen147
\lst@newlines=\count198
\lst@lineno=\count199
\lst@maxwidth=\dimen148

("C:\Users\hiba\AppData\Local\Programs\MiKTeX 2.9\tex/latex/listings\lstmisc.st
y"
File: lstmisc.sty 2019/09/10 1.8c (Carsten Heinz)
\c@lstnumber=\count266
\lst@skipnumbers=\count267
\lst@framebox=\box46
)
("C:\Users\hiba\AppData\Local\Programs\MiKTeX 2.9\tex/latex/listings\listings.c
fg"
File: listings.cfg 2019/09/10 1.8c listings configuration
))
Package: listings 2019/09/10 1.8c (Carsten Heinz)

("C:\Users\hiba\AppData\Local\Programs\MiKTeX 2.9\tex/latex/graphics\color.sty"
Package: color 2019/11/23 v1.2a Standard LaTeX Color (DPC)

("C:\Users\hiba\AppData\Local\Programs\MiKTeX 2.9\tex/latex/graphics-cfg\color.
cfg"
File: color.cfg 2016/01/02 v1.6 sample color configuration
)
Package color Info: Driver file: pdftex.def on input line 147.

("C:\Users\hiba\AppData\Local\Programs\MiKTeX 2.9\tex/latex/graphics-def\pdftex
.def"
File: pdftex.def 2018/01/08 v1.0l Graphics/color driver for pdftex
))
("C:\Users\hiba\AppData\Local\Programs\MiKTeX 2.9\tex/latex/base\fontenc.sty"
Package: fontenc 2020/02/11 v2.0o Standard LaTeX package
)
("C:\Users\hiba\AppData\Local\Programs\MiKTeX 2.9\tex/latex/enumitem\enumitem.s
ty"
Package: enumitem 2019/06/20 v3.9 Customized lists
\labelindent=\skip55
\enit@outerparindent=\dimen149
\enit@toks=\toks34
\enit@inbox=\box47
\enit@count@id=\count268
\enitdp@description=\count269
)
("C:\Users\hiba\AppData\Local\Programs\MiKTeX 2.9\tex/latex/psnfss\pifont.sty"
Package: pifont 2020/03/25 PSNFSS-v9.3 Pi font support (SPQR) 
LaTeX Font Info:    Trying to load font information for U+pzd on input line 63.


("C:\Users\hiba\AppData\Local\Programs\MiKTeX 2.9\tex/latex/psnfss\upzd.fd"
File: upzd.fd 2001/06/04 font definitions for U/pzd.
)
LaTeX Font Info:    Trying to load font information for U+psy on input line 64.


("C:\Users\hiba\AppData\Local\Programs\MiKTeX 2.9\tex/latex/psnfss\upsy.fd"
File: upsy.fd 2001/06/04 font definitions for U/psy.
))
("C:\Users\hiba\AppData\Local\Programs\MiKTeX 2.9\tex/latex/listings\lstlang1.s
ty"
File: lstlang1.sty 2019/09/10 1.8c listings language file
)
\c@abr@ctr=\count270
\symtlaitalics=\mathgroup7

("C:\Users\hiba\AppData\Local\Programs\MiKTeX 2.9\tex/latex/l3backend\l3backend
-pdfmode.def"
File: l3backend-pdfmode.def 2020-02-03 L3 backend support: PDF mode
\l__kernel_color_stack_int=\count271
\l__pdf_internal_box=\box48
) (report-master.aux)
\openout1 = `report-master.aux'.

LaTeX Font Info:    Checking defaults for OML/cmm/m/it on input line 130.
LaTeX Font Info:    ... okay on input line 130.
LaTeX Font Info:    Checking defaults for OMS/cmsy/m/n on input line 130.
LaTeX Font Info:    ... okay on input line 130.
LaTeX Font Info:    Checking defaults for OT1/cmr/m/n on input line 130.
LaTeX Font Info:    ... okay on input line 130.
LaTeX Font Info:    Checking defaults for T1/cmr/m/n on input line 130.
LaTeX Font Info:    ... okay on input line 130.
LaTeX Font Info:    Checking defaults for TS1/cmr/m/n on input line 130.
LaTeX Font Info:    ... okay on input line 130.
LaTeX Font Info:    Checking defaults for OMX/cmex/m/n on input line 130.
LaTeX Font Info:    ... okay on input line 130.
LaTeX Font Info:    Checking defaults for U/cmr/m/n on input line 130.
LaTeX Font Info:    ... okay on input line 130.


Class thesul Warning: Beware! I think you have forgotten to load
(thesul)              a francization package. on input line 130.

LaTeX Info: Redefining \degres on input line 130.
LaTeX Info: Redefining \dots on input line 130.
Package french.ldf Info: Setting StandardItemizeEnv=true for
(french.ldf)             compatibility with enumitem package,
(french.ldf)             reported on input line 130.
Package french.ldf Info: Setting StandardEnumerateEnv=true for
(french.ldf)             compatibility with enumitem package,
(french.ldf)             reported on input line 130.
LaTeX Info: Redefining \up on input line 130.

("C:\Users\hiba\AppData\Local\Programs\MiKTeX 2.9\tex/latex/graphics\graphicx.s
ty"
Package: graphicx 2019/11/30 v1.2a Enhanced LaTeX Graphics (DPC,SPQR)

("C:\Users\hiba\AppData\Local\Programs\MiKTeX 2.9\tex/latex/graphics\graphics.s
ty"
Package: graphics 2019/11/30 v1.4a Standard LaTeX Graphics (DPC,SPQR)

("C:\Users\hiba\AppData\Local\Programs\MiKTeX 2.9\tex/latex/graphics\trig.sty"
Package: trig 2016/01/03 v1.10 sin cos tan (DPC)
)
("C:\Users\hiba\AppData\Local\Programs\MiKTeX 2.9\tex/latex/graphics-cfg\graphi
cs.cfg"
File: graphics.cfg 2016/06/04 v1.11 sample graphics configuration
)
Package graphics Info: Driver file: pdftex.def on input line 105.
)
\Gin@req@height=\dimen150
\Gin@req@width=\dimen151
)
\c@lstlisting=\count272

("C:\Users\hiba\AppData\Local\Programs\MiKTeX 2.9\tex/context/base/mkii\supp-pd
f.mkii"
[Loading MPS to PDF converter (version 2006.09.02).]
\scratchcounter=\count273
\scratchdimen=\dimen152
\scratchbox=\box49
\nofMPsegments=\count274
\nofMParguments=\count275
\everyMPshowfont=\toks35
\MPscratchCnt=\count276
\MPscratchDim=\dimen153
\MPnumerator=\count277
\makeMPintoPDFobject=\count278
\everyMPtoPDFconversion=\toks36
)
("C:\Users\hiba\AppData\Local\Programs\MiKTeX 2.9\tex/latex/epstopdf-pkg\epstop
df-base.sty"
Package: epstopdf-base 2020-01-24 v2.11 Base part for package epstopdf
Package epstopdf-base Info: Redefining graphics rule for `.eps' on input line 4
85.
)
LaTeX Font Info:    Trying to load font information for U+lasy on input line 16
1.

("C:\Users\hiba\AppData\Local\Programs\MiKTeX 2.9\tex/latex/base\ulasy.fd"
File: ulasy.fd 1998/08/17 v2.2e LaTeX symbol font definitions
)
LaTeX Font Info:    Trying to load font information for U+msa on input line 161
.

("C:\Users\hiba\AppData\Local\Programs\MiKTeX 2.9\tex/latex/amsfonts\umsa.fd"
File: umsa.fd 2013/01/14 v3.01 AMS symbols A
)
LaTeX Font Info:    Trying to load font information for U+msb on input line 161
.

("C:\Users\hiba\AppData\Local\Programs\MiKTeX 2.9\tex/latex/amsfonts\umsb.fd"
File: umsb.fd 2013/01/14 v3.01 AMS symbols B
)
<tulul.pdf, id=1, 138.5175pt x 48.18pt>
File: tulul.pdf Graphic file (type pdf)
<use tulul.pdf>
Package pdftex.def Info: tulul.pdf  used on input line 161.
(pdftex.def)             Requested size: 138.51715pt x 48.17986pt.

Underfull \hbox (badness 10000) in paragraph at lines 161--161

 []

[1

{C:/Users/hiba/AppData/Local/MiKTeX/2.9/pdftex/config/pdftex.map} <./tulul.pdf>
] [2] [1] [2]
LaTeX Font Info:    Trying to load font information for T1+cmss on input line 1
77.

("C:\Users\hiba\AppData\Local\Programs\MiKTeX 2.9\tex/latex/base\t1cmss.fd"
File: t1cmss.fd 2019/12/16 v2.5j Standard LaTeX font definitions
)
[3] [4] (report-master.flg) (report-master.toc)
\tf@toc=\write4
\openout4 = `report-master.toc'.

 [5

] [6

]
Chapitre 1.

LaTeX Warning: Citation `amazon' on page 1 undefined on input line 219.


LaTeX Warning: Citation `cloudTLC' on page 1 undefined on input line 221.

[1

] [2

]
Chapitre 2.
LaTeX Font Info:    Trying to load font information for T1+cmtt on input line 2
47.
("C:\Users\hiba\AppData\Local\Programs\MiKTeX 2.9\tex/latex/base\t1cmtt.fd"
File: t1cmtt.fd 2019/12/16 v2.5j Standard LaTeX font definitions
)

LaTeX Warning: Reference `tlabook' on page 3 undefined on input line 299.


LaTeX Warning: Citation `pcalAlgo' on page 3 undefined on input line 304.

[3]

LaTeX Warning: `!h' float specifier changed to `!ht'.

[4]

LaTeX Warning: Citation `pcalAlgo' on page 5 undefined on input line 356.

[5] [6]

LaTeX Warning: Citation `pcalAlgo' on page 7 undefined on input line 452.

[7] [8

]
Chapitre 3.

LaTeX Warning: Reference `PGO' on page 9 undefined on input line 458.


Underfull \hbox (badness 10000) in paragraph at lines 468--469

 []

[9] [10]
Chapitre 4.

Underfull \hbox (badness 10000) in paragraph at lines 545--546

 []

[11

]

LaTeX Warning: Reference `unorderedtla' on page 12 undefined on input line 583.


[12]
Underfull \hbox (badness 10000) in paragraph at lines 601--602

 []


Underfull \hbox (badness 10000) in paragraph at lines 601--602

 []


Overfull \hbox (134.26111pt too wide) in paragraph at lines 630--640
[]$[]$ $[]$ 
 []


Overfull \hbox (47.76361pt too wide) in paragraph at lines 645--655
[]$[]$ $[]$ 
 []


Underfull \hbox (badness 10000) in paragraph at lines 663--664

 []


Underfull \hbox (badness 10000) in paragraph at lines 663--664

 []


Underfull \hbox (badness 10000) in paragraph at lines 663--664

 []


Overfull \hbox (116.04744pt too wide) in paragraph at lines 661--674
[]$[]$ $[]$ 
 []

[13]
Underfull \hbox (badness 10000) in paragraph at lines 680--681

 []


Underfull \hbox (badness 10000) in paragraph at lines 680--681

 []


Overfull \hbox (175.23141pt too wide) in paragraph at lines 678--690
[]$[]$ $[]$ 
 []


Overfull \hbox (181.10982pt too wide) in paragraph at lines 703--710
[]$[]$ $[]$
 []


Underfull \hbox (badness 10000) in paragraph at lines 703--710

 []


Underfull \hbox (badness 10000) in paragraph at lines 715--716

 []


Underfull \hbox (badness 10000) in paragraph at lines 715--716

 []


Overfull \hbox (85.50551pt too wide) in paragraph at lines 713--725
[]$[]$ $[]$ 
 []


LaTeX Warning: `!h' float specifier changed to `!ht'.

[14]
Overfull \hbox (138.81105pt too wide) in paragraph at lines 786--796
[]$[]$ $[]$ 
 []


Overfull \hbox (2.23642pt too wide) in paragraph at lines 800--810
[]$[]$ $[]$ 
 []


Underfull \hbox (badness 10000) in paragraph at lines 817--818

 []


Underfull \hbox (badness 10000) in paragraph at lines 817--818

 []


Underfull \hbox (badness 10000) in paragraph at lines 817--818

 []


Overfull \hbox (43.21367pt too wide) in paragraph at lines 815--828
[]$[]$ $[]$ 
 []


Underfull \hbox (badness 10000) in paragraph at lines 836--837

 []


Underfull \hbox (badness 10000) in paragraph at lines 836--837

 []


Overfull \hbox (25.00002pt too wide) in paragraph at lines 834--846
[]$[]$ $[]$ 
 []


Overfull \hbox (25.91092pt too wide) in paragraph at lines 861--862
[]\T1/cmr/m/n/10 In the example, $\T1/cmr/m/it/10 Nodes$ \T1/cmr/m/n/10 re-pres
ent a set with all the nodes in our al-go-rithm. The chan-nel $\T1/cmr/m/it/10 
network\OT1/cmr/m/n/10 [\T1/cmr/m/it/10 Nodes\OML/cmm/m/it/10 ; \T1/cmr/m/it/10
 Nodes\OT1/cmr/m/n/10 ]$
 []


Underfull \hbox (badness 10000) in paragraph at lines 867--868

 []


Underfull \hbox (badness 10000) in paragraph at lines 867--868

 []


Overfull \hbox (176.55989pt too wide) in paragraph at lines 865--876
[]$[]$ $[]$
 []


Underfull \hbox (badness 10000) in paragraph at lines 865--876

 []

[15]
Underfull \hbox (badness 10000) in paragraph at lines 914--915

 []

[16]
Underfull \hbox (badness 10000) in paragraph at lines 945--947

 []


Underfull \hbox (badness 10000) in paragraph at lines 962--965

 []

[17]
Underfull \hbox (badness 10000) in paragraph at lines 1033--1036

 []

[18]
Chapitre 5.
[19

] [20

]
Chapitre 6.
[21] [22

] [23

] [24]
Annexe A.
[25

]
Underfull \vbox (badness 10000) has occurred while \output is active []

 [26]
Underfull \vbox (badness 10000) has occurred while \output is active []

 [27]
[28]
Underfull \vbox (badness 10000) has occurred while \output is active []

 [29]
Underfull \vbox (badness 10000) has occurred while \output is active []

 [30]
No file report-master.bbl.
\openout3 = `report-master.flg'.

[31] (report-master.aux)

LaTeX Warning: There were undefined references.

 ) 
Here is how much of TeX's memory you used:
 6365 strings out of 481556
 89912 string characters out of 2914338
 664033 words of memory out of 3000000
 21486 multiletter control sequences out of 15000+200000
 564423 words of font info for 105 fonts, out of 3000000 for 9000
 1141 hyphenation exceptions out of 8191
 38i,15n,40p,966b,1885s stack positions out of 5000i,500n,10000p,200000b,50000s
 <C:\Users\hiba\AppData\Local\MiKTeX\2.9\fonts/pk/ljfour/jknappen/ec/dpi600\e
cbx1200.pk> <C:\Users\hiba\AppData\Local\MiKTeX\2.9\fonts/pk/ljfour/jknappen/ec
/dpi600\ectt1000.pk> <C:\Users\hiba\AppData\Local\MiKTeX\2.9\fonts/pk/ljfour/jk
nappen/ec/dpi600\ecbx0700.pk> <C:\Users\hiba\AppData\Local\MiKTeX\2.9\fonts/pk/
ljfour/jknappen/ec/dpi600\ectt0900.pk> <C:\Users\hiba\AppData\Local\MiKTeX\2.9\
fonts/pk/ljfour/jknappen/ec/dpi600\ecrm0500.pk> <C:\Users\hiba\AppData\Local\Mi
KTeX\2.9\fonts/pk/ljfour/jknappen/ec/dpi600\eccc1000.pk> <C:\Users\hiba\AppData
\Local\MiKTeX\2.9\fonts/pk/ljfour/jknappen/ec/dpi600\ecti0700.pk> <C:\Users\hib
a\AppData\Local\MiKTeX\2.9\fonts/pk/ljfour/jknappen/ec/dpi600\ecti1000.pk> <C:\
Users\hiba\AppData\Local\MiKTeX\2.9\fonts/pk/ljfour/jknappen/ec/dpi600\ecbx2074
.pk> <C:\Users\hiba\AppData\Local\MiKTeX\2.9\fonts/pk/ljfour/jknappen/ec/dpi600
\ecsl1000.pk> <C:\Users\hiba\AppData\Local\MiKTeX\2.9\fonts/pk/ljfour/jknappen/
ec/dpi600\ecrm0700.pk> <C:\Users\hiba\AppData\Local\MiKTeX\2.9\fonts/pk/ljfour/
jknappen/ec/dpi600\ecbx1000.pk> <C:\Users\hiba\AppData\Local\MiKTeX\2.9\fonts/p
k/ljfour/jknappen/ec/dpi600\ecbx2488.pk> <C:\Users\hiba\AppData\Local\MiKTeX\2.
9\fonts/pk/ljfour/jknappen/ec/dpi600\ecsi1000.pk> <C:\Users\hiba\AppData\Local\
MiKTeX\2.9\fonts/pk/ljfour/jknappen/ec/dpi600\ecbx1440.pk> <C:\Users\hiba\AppDa
ta\Local\MiKTeX\2.9\fonts/pk/ljfour/jknappen/ec/dpi600\ecrm1000.pk><C:/Users/hi
ba/AppData/Local/Programs/MiKTeX 2.9/fonts/type1/public/amsfonts/cm/cmbx10.pfb>
<C:/Users/hiba/AppData/Local/Programs/MiKTeX 2.9/fonts/type1/public/amsfonts/cm
/cmbx12.pfb><C:/Users/hiba/AppData/Local/Programs/MiKTeX 2.9/fonts/type1/public
/amsfonts/cm/cmmi10.pfb><C:/Users/hiba/AppData/Local/Programs/MiKTeX 2.9/fonts/
type1/public/amsfonts/cm/cmr10.pfb><C:/Users/hiba/AppData/Local/Programs/MiKTeX
 2.9/fonts/type1/public/amsfonts/cm/cmr12.pfb><C:/Users/hiba/AppData/Local/Prog
rams/MiKTeX 2.9/fonts/type1/public/amsfonts/cm/cmsy10.pfb><C:/Users/hiba/AppDat
a/Local/Programs/MiKTeX 2.9/fonts/type1/public/amsfonts/cm/cmsy9.pfb><C:/Users/
hiba/AppData/Local/Programs/MiKTeX 2.9/fonts/type1/public/amsfonts/cm/cmti10.pf
b><C:/Users/hiba/AppData/Local/Programs/MiKTeX 2.9/fonts/type1/public/amsfonts/
latxfont/lasy10.pfb><C:/Users/hiba/AppData/Local/Programs/MiKTeX 2.9/fonts/type
1/public/amsfonts/symbols/msam10.pfb>
Output written on report-master.pdf (39 pages, 353817 bytes).
PDF statistics:
 687 PDF objects out of 1000 (max. 8388607)
 0 named destinations out of 1000 (max. 500000)
 6 words of extra memory for PDF output out of 10000 (max. 10000000)

